<?xml version="1.0" encoding="utf-8"?><testsuites name="pytest tests"><testsuite name="pytest" errors="0" failures="0" skipped="0" tests="11" time="1.563" timestamp="2026-02-25T20:31:17.146642+00:00" hostname="agent-env-2518080d-5b2c-46bf-a59a-2aef7e75907c"><testcase classname="backend.tests.test_api.TestHealthCheck" name="test_api_root_returns_200" time="0.398" /><testcase classname="backend.tests.test_api.TestContactAPI" name="test_create_contact_success" time="0.108" /><testcase classname="backend.tests.test_api.TestContactAPI" name="test_create_contact_minimal_fields" time="0.099" /><testcase classname="backend.tests.test_api.TestContactAPI" name="test_create_contact_missing_required_field" time="0.072" /><testcase classname="backend.tests.test_api.TestContactAPI" name="test_get_contacts_returns_list" time="0.095" /><testcase classname="backend.tests.test_api.TestContactAPI" name="test_create_and_verify_contact_persistence" time="0.152" /><testcase classname="backend.tests.test_api.TestNewsletterAPI" name="test_subscribe_newsletter_success" time="0.077" /><testcase classname="backend.tests.test_api.TestNewsletterAPI" name="test_subscribe_newsletter_duplicate" time="0.128" /><testcase classname="backend.tests.test_api.TestNewsletterAPI" name="test_subscribe_newsletter_missing_email" time="0.075" /><testcase classname="backend.tests.test_api.TestNewsletterAPI" name="test_get_newsletter_subscriptions" time="0.085" /><testcase classname="backend.tests.test_api.TestNewsletterAPI" name="test_create_and_verify_newsletter_persistence" time="0.171" /></testsuite></testsuites>